<?xml version="1.0" encoding="UTF-8"?>
<!-- Generated by org.testng.reporters.JUnitReportReporter -->
<testsuite hostname="DESKTOP-M0OO5DE" failures="0" tests="1" name="asserts.As_4" time="21.383" errors="0" timestamp="2022-07-30T17:10:36 IST" skipped="0">
  <testcase classname="asserts.As_4" name="actiTimeTest" time="21.383"/>
  <system-out/>
</testsuite> <!-- asserts.As_4 -->
