<?xml version="1.0" encoding="UTF-8"?>
<!-- Generated by org.testng.reporters.JUnitReportReporter -->
<testsuite hostname="DESKTOP-M0OO5DE" failures="0" tests="16" name="Basic.Org_AllTcs" time="670.172" errors="0" timestamp="2022-08-20T15:32:23 IST" skipped="0">
  <testcase classname="Basic.Org_AllTcs" name="Test1" time="37.878"/>
  <system-out/>
  <testcase classname="Basic.Org_AllTcs" name="Test1" time="43.203"/>
  <system-out/>
  <testcase classname="Basic.Org_AllTcs" name="Test1" time="51.608"/>
  <system-out/>
  <testcase classname="Basic.Org_AllTcs" name="Test1" time="43.798"/>
  <system-out/>
  <testcase classname="Basic.Org_AllTcs" name="Test2" time="40.980"/>
  <system-out/>
  <testcase classname="Basic.Org_AllTcs" name="Test2" time="35.692"/>
  <system-out/>
  <testcase classname="Basic.Org_AllTcs" name="Test2" time="37.660"/>
  <system-out/>
  <testcase classname="Basic.Org_AllTcs" name="Test2" time="45.065"/>
  <system-out/>
  <testcase classname="Basic.Org_AllTcs" name="Test3" time="42.601"/>
  <system-out/>
  <testcase classname="Basic.Org_AllTcs" name="Test3" time="37.778"/>
  <system-out/>
  <testcase classname="Basic.Org_AllTcs" name="Test3" time="52.043"/>
  <system-out/>
  <testcase classname="Basic.Org_AllTcs" name="Test3" time="43.820"/>
  <system-out/>
  <testcase classname="Basic.Org_AllTcs" name="Test4" time="44.703"/>
  <system-out/>
  <testcase classname="Basic.Org_AllTcs" name="Test4" time="35.333"/>
  <system-out/>
  <testcase classname="Basic.Org_AllTcs" name="Test4" time="38.080"/>
  <system-out/>
  <testcase classname="Basic.Org_AllTcs" name="Test4" time="39.930"/>
  <system-out/>
</testsuite> <!-- Basic.Org_AllTcs -->
