<?xml version="1.0" encoding="UTF-8"?>
<!-- Generated by org.testng.reporters.JUnitReportReporter -->
<testsuite hostname="DESKTOP-M0OO5DE" failures="0" tests="2" name="allTestNg.Dp2" time="0.009" errors="0" timestamp="2022-08-10T15:38:44 IST" skipped="0">
  <testcase classname="allTestNg.Dp2" name="testLogin" time="0.007"/>
  <system-out/>
  <testcase classname="allTestNg.Dp2" name="testLogin" time="0.002"/>
  <system-out/>
</testsuite> <!-- allTestNg.Dp2 -->
