<?xml version="1.0" encoding="UTF-8"?>
<!-- Generated by org.testng.reporters.JUnitReportReporter -->
<testsuite hostname="DESKTOP-M0OO5DE" failures="0" tests="4" name="dataDriven.TestOrangeHrmByFetchingdatafromanotherclass" time="81.270" errors="0" timestamp="2022-08-21T22:55:35 IST" skipped="0">
  <testcase classname="dataDriven.TestOrangeHrmByFetchingdatafromanotherclass" name="testLogin" time="18.803"/>
  <system-out/>
  <testcase classname="dataDriven.TestOrangeHrmByFetchingdatafromanotherclass" name="testLogin" time="16.286"/>
  <system-out/>
  <testcase classname="dataDriven.TestOrangeHrmByFetchingdatafromanotherclass" name="testLogin" time="24.553"/>
  <system-out/>
  <testcase classname="dataDriven.TestOrangeHrmByFetchingdatafromanotherclass" name="testLogin" time="21.628"/>
  <system-out/>
</testsuite> <!-- dataDriven.TestOrangeHrmByFetchingdatafromanotherclass -->
