<?xml version="1.0" encoding="UTF-8"?>
<!-- Generated by org.testng.reporters.JUnitReportReporter -->
<testsuite hostname="DESKTOP-M0OO5DE" failures="0" tests="2" name="batch_execution.Test1" time="40.566" errors="0" timestamp="2022-07-30T17:38:00 IST" skipped="0">
  <testcase classname="batch_execution.Test1" name="actitimeTest" time="28.010"/>
  <system-out/>
  <testcase classname="batch_execution.Test1" name="orangehrmTest" time="12.556"/>
  <system-out/>
</testsuite> <!-- batch_execution.Test1 -->
