<?xml version="1.0" encoding="UTF-8"?>
<!-- Generated by org.testng.reporters.JUnitReportReporter -->
<testsuite hostname="DESKTOP-M0OO5DE" failures="0" tests="7" name="allTestNg.Dp1" time="0.020" errors="0" timestamp="2022-10-15T18:52:08 IST" skipped="0">
  <testcase classname="allTestNg.Dp1" name="test" time="0.003"/>
  <system-out/>
  <testcase classname="allTestNg.Dp1" name="test" time="0.007"/>
  <system-out/>
  <testcase classname="allTestNg.Dp1" name="test" time="0.002"/>
  <system-out/>
  <testcase classname="allTestNg.Dp1" name="test" time="0.001"/>
  <system-out/>
  <testcase classname="allTestNg.Dp1" name="test" time="0.003"/>
  <system-out/>
  <testcase classname="allTestNg.Dp1" name="test" time="0.002"/>
  <system-out/>
  <testcase classname="allTestNg.Dp1" name="test" time="0.002"/>
  <system-out/>
</testsuite> <!-- allTestNg.Dp1 -->
