<?xml version="1.0" encoding="UTF-8"?>
<!-- Generated by org.testng.reporters.JUnitReportReporter -->
<testsuite hostname="DESKTOP-M0OO5DE" failures="0" tests="3" name="allTestNg.OrganisationListenerTest" time="0.028" errors="0" timestamp="2022-09-20T00:02:13 IST" skipped="0">
  <testcase classname="allTestNg.OrganisationListenerTest" name="deleteOrganization" time="0.002"/>
  <system-out/>
  <testcase classname="allTestNg.OrganisationListenerTest" name="createOrgannisationTest" time="0.024"/>
  <system-out/>
  <testcase classname="allTestNg.OrganisationListenerTest" name="modifyOrganisationTest" time="0.002"/>
  <system-out/>
</testsuite> <!-- allTestNg.OrganisationListenerTest -->
