<?xml version="1.0" encoding="UTF-8"?>
<!-- Generated by org.testng.reporters.JUnitReportReporter -->
<testsuite hostname="DESKTOP-M0OO5DE" failures="0" tests="3" name="allTestNg.CustmerTest" time="0.012" errors="0" timestamp="2022-07-24T12:00:36 IST" skipped="0">
  <testcase classname="allTestNg.CustmerTest" name="modifyCustomerTest" time="0.003"/>
  <system-out/>
  <testcase classname="allTestNg.CustmerTest" name="deleteCustomerTest" time="0.003"/>
  <system-out/>
  <testcase classname="allTestNg.CustmerTest" name="createCustomerTest" time="0.006"/>
  <system-out/>
</testsuite> <!-- allTestNg.CustmerTest -->
