<?xml version="1.0" encoding="UTF-8"?>
<!-- Generated by org.testng.reporters.JUnitReportReporter -->
<testsuite hostname="DESKTOP-M0OO5DE" failures="0" tests="2" name="allTestNg.Test1" time="27.737" errors="0" timestamp="2022-07-30T17:51:25 IST" skipped="0">
  <testcase classname="allTestNg.Test1" name="actitimeTest" time="12.535"/>
  <system-out/>
  <testcase classname="allTestNg.Test1" name="orangehrmTest" time="15.202"/>
  <system-out/>
</testsuite> <!-- allTestNg.Test1 -->
