<?xml version="1.0" encoding="UTF-8"?>
<!-- Generated by org.testng.reporters.JUnitReportReporter -->
<testsuite hostname="DESKTOP-M0OO5DE" failures="0" tests="3" name="allTestNg.Ignore_test" time="0.012" errors="0" timestamp="2022-09-19T23:08:56 IST" skipped="1">
  <testcase classname="allTestNg.Ignore_test" name="test3" time="0.002"/>
  <system-out/>
  <testcase classname="allTestNg.Ignore_test" name="test1" time="0.010"/>
  <system-out/>
  <testcase classname="allTestNg.Ignore_test" name="test2">
    <skipped/>
  </testcase> <!-- test2 -->
  <system-out/>
</testsuite> <!-- allTestNg.Ignore_test -->
