<?xml version="1.0" encoding="UTF-8"?>
<!-- Generated by org.testng.reporters.JUnitReportReporter -->
<testsuite hostname="DESKTOP-M0OO5DE" failures="0" tests="1" name="asserts.As_1" time="14.967" errors="0" timestamp="2022-07-29T16:11:00 IST" skipped="0">
  <testcase classname="asserts.As_1" name="actiTimeTest" time="14.967"/>
  <system-out/>
</testsuite> <!-- asserts.As_1 -->
