<?xml version="1.0" encoding="UTF-8"?>
<!-- Generated by org.testng.reporters.JUnitReportReporter -->
<testsuite hostname="DESKTOP-M0OO5DE" failures="0" tests="2" name="allTestNg.Data" time="0.012" errors="0" timestamp="2022-10-15T18:44:08 IST" skipped="0">
  <testcase classname="allTestNg.Data" name="bookallTickets" time="0.009"/>
  <system-out/>
  <testcase classname="allTestNg.Data" name="bookallTickets" time="0.003"/>
  <system-out/>
</testsuite> <!-- allTestNg.Data -->
