<?xml version="1.0" encoding="UTF-8"?>
<!-- Generated by org.testng.reporters.JUnitReportReporter -->
<testsuite hostname="DESKTOP-M0OO5DE" failures="0" tests="2" name="allTestNg.Test_orangeHRM" time="27.056" errors="0" timestamp="2022-08-08T10:26:35 IST" skipped="0">
  <testcase classname="allTestNg.Test_orangeHRM" name="testLogin" time="15.086"/>
  <system-out/>
  <testcase classname="allTestNg.Test_orangeHRM" name="testLogin" time="11.970"/>
  <system-out/>
</testsuite> <!-- allTestNg.Test_orangeHRM -->
