<?xml version="1.0" encoding="UTF-8"?>
<!-- Generated by org.testng.reporters.JUnitReportReporter -->
<testsuite hostname="DESKTOP-M0OO5DE" failures="0" tests="2" name="allTestNg.Test_BatchExecution" time="69.307" errors="0" timestamp="2022-08-16T13:55:45 IST" skipped="0">
  <testcase classname="allTestNg.Test_BatchExecution" name="orangehrmTest" time="24.640"/>
  <system-out/>
  <testcase classname="allTestNg.Test_BatchExecution" name="actitimeTest" time="44.667"/>
  <system-out/>
</testsuite> <!-- allTestNg.Test_BatchExecution -->
