<?xml version="1.0" encoding="UTF-8"?>
<!-- Generated by org.testng.reporters.JUnitReportReporter -->
<testsuite hostname="DESKTOP-M0OO5DE" failures="0" tests="2" name="batch_execution.Test_BatchExecution" time="56.310" errors="0" timestamp="2022-07-30T17:38:00 IST" skipped="0">
  <testcase classname="batch_execution.Test_BatchExecution" name="actitimeTest" time="39.164"/>
  <system-out/>
  <testcase classname="batch_execution.Test_BatchExecution" name="orangehrmTest" time="17.146"/>
  <system-out/>
</testsuite> <!-- batch_execution.Test_BatchExecution -->
