<?xml version="1.0" encoding="UTF-8"?>
<!-- Generated by org.testng.reporters.JUnitReportReporter -->
<testsuite hostname="DESKTOP-M0OO5DE" failures="0" tests="1" name="Basic.Org_driverTc2" time="18.928" errors="0" timestamp="2022-08-16T14:49:42 IST" skipped="0">
  <testcase classname="Basic.Org_driverTc2" name="Test1" time="18.928"/>
  <system-out/>
</testsuite> <!-- Basic.Org_driverTc2 -->
