<?xml version="1.0" encoding="UTF-8"?>
<!-- Generated by org.testng.reporters.JUnitReportReporter -->
<testsuite hostname="DESKTOP-M0OO5DE" failures="0" tests="3" name="allTestNg.Dp4_dataReceiving" time="0.018" errors="0" timestamp="2022-08-10T16:13:32 IST" skipped="0">
  <testcase classname="allTestNg.Dp4_dataReceiving" name="testLogin" time="0.003"/>
  <system-out/>
  <testcase classname="allTestNg.Dp4_dataReceiving" name="testLogin" time="0.010"/>
  <system-out/>
  <testcase classname="allTestNg.Dp4_dataReceiving" name="testLogin" time="0.005"/>
  <system-out/>
</testsuite> <!-- allTestNg.Dp4_dataReceiving -->
