<?xml version="1.0" encoding="UTF-8"?>
<!-- Generated by org.testng.reporters.JUnitReportReporter -->
<testsuite hostname="DESKTOP-M0OO5DE" failures="0" tests="1" name="asserts.As_3" time="55.097" errors="0" timestamp="2022-07-29T16:32:05 IST" skipped="0">
  <testcase classname="asserts.As_3" name="actiTimeTest" time="55.097"/>
  <system-out/>
</testsuite> <!-- asserts.As_3 -->
