<?xml version="1.0" encoding="UTF-8"?>
<!-- Generated by org.testng.reporters.JUnitReportReporter -->
<testsuite hostname="DESKTOP-M0OO5DE" failures="0" tests="1" name="asserts.As_1_assertEqual" time="38.672" errors="0" timestamp="2022-08-31T13:06:25 IST" skipped="0">
  <testcase classname="asserts.As_1_assertEqual" name="actiTimeTest" time="38.672"/>
  <system-out/>
</testsuite> <!-- asserts.As_1_assertEqual -->
