<?xml version="1.0" encoding="UTF-8"?>
<!-- Generated by org.testng.reporters.JUnitReportReporter -->
<testsuite hostname="DESKTOP-M0OO5DE" failures="0" tests="3" name="allTestNg.Cross_browser" time="181.829" errors="0" timestamp="2022-08-04T23:07:52 IST" skipped="0">
  <testcase classname="allTestNg.Cross_browser" name="ActiTest" time="60.164"/>
  <system-out/>
  <testcase classname="allTestNg.Cross_browser" name="ActiTest" time="71.910"/>
  <system-out/>
  <testcase classname="allTestNg.Cross_browser" name="ActiTest" time="49.755"/>
  <system-out/>
</testsuite> <!-- allTestNg.Cross_browser -->
